2022-10-22 12:21:07,621 - root - INFO - ***** Test_001_Login *****
2022-10-22 12:21:07,621 - root - INFO - ***** Verifying Home Page title *****
2022-10-22 12:21:11,230 - root - INFO - ***** Verifying Login functionality *****
2022-10-22 12:22:09,230 - root - INFO - ***** Test_001_Login *****
2022-10-22 12:22:09,230 - root - INFO - ***** Verifying Home Page title *****
2022-10-22 12:22:13,074 - root - INFO - ***** Home Page Title test is passed *****
2022-10-22 12:22:14,853 - root - INFO - ***** Verifying Login functionality *****
2022-10-22 12:22:22,424 - root - INFO - ***** Login Passed *****
2022-10-22 12:25:01,786 - root - INFO - ***** Test_001_Login *****
2022-10-22 12:25:01,786 - root - INFO - ***** Verifying Home Page title *****
2022-10-22 12:25:05,568 - root - INFO - ***** Home Page Title test is passed *****
2022-10-22 12:25:07,369 - root - INFO - ***** Verifying Login functionality *****
2022-10-22 12:25:15,621 - root - INFO - ***** Login Passed *****
2023-01-20 21:25:25,686 - root - INFO - ***** Test_003_AddCustomer *****
2023-01-20 21:25:25,686 - root - INFO - ***** Login process starts *****
2023-01-20 21:25:39,330 - root - INFO - ***** Login Successful *****
2023-01-20 21:25:39,330 - root - INFO - ***** Add Customer Starts *****
2023-01-20 21:25:45,156 - root - INFO - ***** Providing customer details *****
2023-01-20 21:25:47,548 - root - INFO - ***** saving customer details *****
2023-01-20 21:25:47,548 - root - INFO - ***** Validation starts *****
2023-02-02 22:40:27,772 - root - INFO - ***** Test_004_AddCustomer *****
2023-02-02 22:40:27,774 - root - INFO - ***** Login process starts *****
2023-02-02 22:40:36,539 - root - INFO - ***** Login Successful *****
2023-02-02 22:40:56,479 - root - INFO - ***** Test_004_SearchCustomer finished *****
2023-02-02 23:00:43,742 - root - INFO - ***** Test_004_AddCustomer *****
2023-02-02 23:00:43,743 - root - INFO - ***** Login process starts *****
2023-02-02 23:00:53,305 - root - INFO - ***** Login Successful *****
2023-02-02 23:01:13,027 - root - INFO - ***** Test_004_SearchCustomer finished *****
